#
# There is insufficient memory for the Java Runtime Environment to continue.
# Native memory allocation (malloc) failed to allocate 1048576 bytes for AllocateHeap
# Possible reasons:
#   The system is out of physical RAM or swap space
#   The process is running with CompressedOops enabled, and the Java Heap may be blocking the growth of the native heap
# Possible solutions:
#   Reduce memory load on the system
#   Increase physical memory or swap space
#   Check if swap backing store is full
#   Decrease Java heap size (-Xmx/-Xms)
#   Decrease number of Java threads
#   Decrease Java thread stack sizes (-Xss)
#   Set larger code cache with -XX:ReservedCodeCacheSize=
#   JVM is running with Zero Based Compressed Oops mode in which the Java heap is
#     placed in the first 32GB address space. The Java Heap base address is the
#     maximum limit for the native heap growth. Please use -XX:HeapBaseMinAddress
#     to set the Java Heap base and to place the Java Heap above 32GB virtual address.
# This output file may be truncated or incomplete.
#
#  Out of Memory Error (allocation.cpp:44), pid=19576, tid=22252
#
# JRE version:  (21.0.3+7) (build )
# Java VM: Java HotSpot(TM) 64-Bit Server VM (21.0.3+7-LTS-152, mixed mode, sharing, tiered, compressed oops, compressed class ptrs, g1 gc, windows-amd64)
# No core dump will be written. Minidumps are not enabled by default on client versions of Windows
#

---------------  S U M M A R Y ------------

Command Line: -Dnet.bytebuddy.agent.attacher.dump= net.bytebuddy.agent.Attacher com.sun.tools.attach.VirtualMachine 7660 C:\Users\Admin\.m2\repository\net\bytebuddy\byte-buddy-agent\1.15.11\byte-buddy-agent-1.15.11.jar false 

Host: AMD Ryzen 5 5500U with Radeon Graphics         , 12 cores, 15G,  Windows 10 , 64 bit Build 19041 (10.0.19041.5794)
Time: Sat May 17 10:53:46 2025 SE Asia Standard Time elapsed time: 0.009870 seconds (0d 0h 0m 0s)

---------------  T H R E A D  ---------------

Current thread (0x000001eff43c3480):  JavaThread "Unknown thread" [_thread_in_vm, id=22252, stack(0x0000008757200000,0x0000008757300000) (1024K)]

Stack: [0x0000008757200000,0x0000008757300000]
Native frames: (J=compiled Java code, j=interpreted, Vv=VM code, C=native code)
V  [jvm.dll+0x6c63b9]
V  [jvm.dll+0x84fa11]
V  [jvm.dll+0x851f3e]
V  [jvm.dll+0x852613]
V  [jvm.dll+0x27cd46]
V  [jvm.dll+0xbf657]
V  [jvm.dll+0x32ce15]
V  [jvm.dll+0x325451]
V  [jvm.dll+0x818f69]
V  [jvm.dll+0x3b7771]
V  [jvm.dll+0x802358]
V  [jvm.dll+0x44c7ce]
V  [jvm.dll+0x44e2a1]
C  [jli.dll+0x52a3]
C  [ucrtbase.dll+0x21bb2]
C  [KERNEL32.DLL+0x17374]
C  [ntdll.dll+0x4cc91]


---------------  P R O C E S S  ---------------

Threads class SMR info:
_java_thread_list=0x00007ff8f5451b88, length=0, elements={
}

Java Threads: ( => current thread )
Total: 0

Other Threads:
  0x000001eff4420440 WorkerThread "GC Thread#0"                     [id=3560, stack(0x0000008757300000,0x0000008757400000) (1024K)]

[error occurred during error reporting (printing all threads), id 0xc0000005, EXCEPTION_ACCESS_VIOLATION (0xc0000005) at pc=0x00007ff8f4bc18e0]
VM state: not at safepoint (not fully initialized)

VM Mutex/Monitor currently owned by a thread:  ([mutex/lock_event])
[0x00007ff8f54c2ea8] Heap_lock - owner thread: 0x000001eff43c3480

Heap address: 0x000000070a400000, size: 3932 MB, Compressed Oops mode: Zero based, Oop shift amount: 3

CDS archive(s) mapped at: [0x0000000000000000-0x0000000000000000-0x0000000000000000), size 0, SharedBaseAddress: 0x0000000800000000, ArchiveRelocationMode: 1.
Narrow klass base: 0x0000000000000000, Narrow klass shift: 0, Narrow klass range: 0x0

GC Precious Log:
 CardTable entry size: 512
 Card Set container configuration: InlinePtr #cards 4 size 8 Array Of Cards #cards 16 size 48 Howl #buckets 8 coarsen threshold 3686 Howl Bitmap #cards 512 size 80 coarsen threshold 460 Card regions per heap region 1 cards per card region 4096

Heap:
 garbage-first heap   total 0K, used 0K [0x000000070a400000, 0x0000000800000000)
  region size 2048K, 0 young (0K), 0 survivors (0K)

[error occurred during error reporting (printing heap information), id 0xc0000005, EXCEPTION_ACCESS_VIOLATION (0xc0000005) at pc=0x00007ff8f4fae669]
GC Heap History (0 events):
No events

Dll operation events (1 events):
Event: 0.006 Loaded shared library D:\MT\JDK\21\bin\java.dll

Deoptimization events (0 events):
No events

Classes loaded (0 events):
No events

Classes unloaded (0 events):
No events

Classes redefined (0 events):
No events

Internal exceptions (0 events):
No events

ZGC Phase Switch (0 events):
No events

VM Operations (0 events):
No events

Events (0 events):
No events


Dynamic libraries:
0x00007ff658600000 - 0x00007ff658610000 	D:\MT\JDK\21\bin\java.exe
0x00007ff9553b0000 - 0x00007ff9555a8000 	C:\Windows\SYSTEM32\ntdll.dll
0x00007ff953ff0000 - 0x00007ff9540b2000 	C:\Windows\System32\KERNEL32.DLL
0x00007ff952d40000 - 0x00007ff953036000 	C:\Windows\System32\KERNELBASE.dll
0x00007ff952bc0000 - 0x00007ff952cc0000 	C:\Windows\System32\ucrtbase.dll
0x00007ff94b750000 - 0x00007ff94b769000 	D:\MT\JDK\21\bin\jli.dll
0x00007ff9551f0000 - 0x00007ff95529f000 	C:\Windows\System32\ADVAPI32.dll
0x00007ff94bc80000 - 0x00007ff94bc9b000 	D:\MT\JDK\21\bin\VCRUNTIME140.dll
0x00007ff9552a0000 - 0x00007ff95533e000 	C:\Windows\System32\msvcrt.dll
0x00007ff953d30000 - 0x00007ff953dcf000 	C:\Windows\System32\sechost.dll
0x00007ff953a60000 - 0x00007ff953b83000 	C:\Windows\System32\RPCRT4.dll
0x00007ff953380000 - 0x00007ff9533a7000 	C:\Windows\System32\bcrypt.dll
0x00007ff9533b0000 - 0x00007ff95354d000 	C:\Windows\System32\USER32.dll
0x00007ff942490000 - 0x00007ff94272a000 	C:\Windows\WinSxS\amd64_microsoft.windows.common-controls_6595b64144ccf1df_6.0.19041.5794_none_60bcd33171f2783c\COMCTL32.dll
0x00007ff952cc0000 - 0x00007ff952ce2000 	C:\Windows\System32\win32u.dll
0x00007ff954920000 - 0x00007ff95494b000 	C:\Windows\System32\GDI32.dll
0x00007ff952aa0000 - 0x00007ff952bba000 	C:\Windows\System32\gdi32full.dll
0x00007ff953040000 - 0x00007ff9530dd000 	C:\Windows\System32\msvcp_win.dll
0x00007ff94a160000 - 0x00007ff94a16a000 	C:\Windows\SYSTEM32\VERSION.dll
0x00007ff953bf0000 - 0x00007ff953c1f000 	C:\Windows\System32\IMM32.DLL
0x00007ff94bd50000 - 0x00007ff94bd5c000 	D:\MT\JDK\21\bin\vcruntime140_1.dll
0x00007ff8fe520000 - 0x00007ff8fe5ae000 	D:\MT\JDK\21\bin\msvcp140.dll
0x00007ff8f4890000 - 0x00007ff8f559d000 	D:\MT\JDK\21\bin\server\jvm.dll
0x00007ff953dd0000 - 0x00007ff953e3b000 	C:\Windows\System32\WS2_32.dll
0x00007ff951fb0000 - 0x00007ff951ffb000 	C:\Windows\SYSTEM32\POWRPROF.dll
0x00007ff94a130000 - 0x00007ff94a157000 	C:\Windows\SYSTEM32\WINMM.dll
0x00007ff951e20000 - 0x00007ff951e32000 	C:\Windows\SYSTEM32\UMPDC.dll
0x00007ff950880000 - 0x00007ff950892000 	C:\Windows\SYSTEM32\kernel.appcore.dll
0x00007ff94b740000 - 0x00007ff94b74a000 	D:\MT\JDK\21\bin\jimage.dll
0x00007ff947ee0000 - 0x00007ff9480e1000 	C:\Windows\SYSTEM32\DBGHELP.DLL
0x00007ff943290000 - 0x00007ff9432c4000 	C:\Windows\SYSTEM32\dbgcore.DLL
0x00007ff953240000 - 0x00007ff9532c2000 	C:\Windows\System32\bcryptPrimitives.dll
0x00007ff939670000 - 0x00007ff93968f000 	D:\MT\JDK\21\bin\java.dll

dbghelp: loaded successfully - version: 4.0.5 - missing functions: none
symbol engine: initialized successfully - sym options: 0x614 - pdb path: .;D:\MT\JDK\21\bin;C:\Windows\SYSTEM32;C:\Windows\WinSxS\amd64_microsoft.windows.common-controls_6595b64144ccf1df_6.0.19041.5794_none_60bcd33171f2783c;D:\MT\JDK\21\bin\server

VM Arguments:
jvm_args: -Dnet.bytebuddy.agent.attacher.dump= 
java_command: net.bytebuddy.agent.Attacher com.sun.tools.attach.VirtualMachine 7660 C:\Users\Admin\.m2\repository\net\bytebuddy\byte-buddy-agent\1.15.11\byte-buddy-agent-1.15.11.jar false 
java_class_path (initial): C:\Users\Admin\.m2\repository\net\bytebuddy\byte-buddy-agent\1.15.11\byte-buddy-agent-1.15.11.jar
Launcher Type: SUN_STANDARD

[Global flags]
     intx CICompilerCount                          = 4                                         {product} {ergonomic}
     uint ConcGCThreads                            = 3                                         {product} {ergonomic}
     uint G1ConcRefinementThreads                  = 10                                        {product} {ergonomic}
   size_t G1HeapRegionSize                         = 2097152                                   {product} {ergonomic}
    uintx GCDrainStackTargetSize                   = 64                                        {product} {ergonomic}
   size_t InitialHeapSize                          = 257949696                                 {product} {ergonomic}
   size_t MarkStackSize                            = 4194304                                   {product} {ergonomic}
   size_t MaxHeapSize                              = 4123000832                                {product} {ergonomic}
   size_t MinHeapDeltaBytes                        = 2097152                                   {product} {ergonomic}
   size_t MinHeapSize                              = 8388608                                   {product} {ergonomic}
    uintx NonNMethodCodeHeapSize                   = 5839372                                {pd product} {ergonomic}
    uintx NonProfiledCodeHeapSize                  = 122909434                              {pd product} {ergonomic}
    uintx ProfiledCodeHeapSize                     = 122909434                              {pd product} {ergonomic}
    uintx ReservedCodeCacheSize                    = 251658240                              {pd product} {ergonomic}
     bool SegmentedCodeCache                       = true                                      {product} {ergonomic}
   size_t SoftMaxHeapSize                          = 4123000832                             {manageable} {ergonomic}
     bool UseCompressedOops                        = true                           {product lp64_product} {ergonomic}
     bool UseG1GC                                  = true                                      {product} {ergonomic}
     bool UseLargePagesIndividualAllocation        = false                                  {pd product} {ergonomic}

Logging:
Log output configuration:
 #0: stdout all=warning uptime,level,tags foldmultilines=false
 #1: stderr all=off uptime,level,tags foldmultilines=false

Environment Variables:
JAVA_HOME=D:\MT\JDK\21
PATH=D:\MT\Py\Scripts\;D:\MT\Py\;D:\ApaTinhLinh\OpenCV\opencv\build\x64\vc16\bin;D:\ApaTinhLinh\tess;D:\MT\JDK\21\bin;D:\ApaTinhLinh\Maven\apache-maven-3.9.6\bin;D:\VSC\Xam\php;C:\Windows\System32;D:\MT\Node20\;D:\MT\scala\scala-2.12.18\bin;C:\Users\Admin\AppData\Roaming\Python\Python312\Scripts;D:\AppLinhTinh\Android\SDK\platform-tools;C:\Program Files\Tailscale\;D:\AppLinhTinh\Git\Git\cmd;D:\AppLinhTinh\BuilTools\Common7\IDE\CommonExtensions\Microsoft\CMake\CMake\bin;C:\Windows\System32\wbem;D:\AppLinhTinh\Putty\;C:\Program Files\Docker\Docker\resources\bin;C:\Users\Admin\AppData\Local\Programs\Python\Python38\Scripts\;C:\Users\Admin\AppData\Local\Programs\Python\Python38\;C:\Users\Admin\.local\share\solana\install\active_release\bin;C:\Program Files\MySQL\MySQL Shell 8.0\bin\;C:\Users\Admin\AppData\Local\Microsoft\WindowsApps;C:\Program Files\Azure Data Studio\bin;C:\msys64\ucrt64\bin;D:\VSC\Microsoft VS Code\bin;D:\VSC\C++\bin;C:\Program Files\Git\bin;C:\Users\Admin\AppData\Roaming\npm;D:\AppLinhTinh\intelij\IntelliJ IDEA Community Edition 2024.3.1.1\bin;;c:\users\admin\appdata\roaming\python\scripts
USERNAME=Admin
OS=Windows_NT
PROCESSOR_IDENTIFIER=AMD64 Family 23 Model 104 Stepping 1, AuthenticAMD
TMP=C:\Users\Admin\AppData\Local\Temp
TEMP=C:\Users\Admin\AppData\Local\Temp




Periodic native trim disabled

---------------  S Y S T E M  ---------------

OS:
 Windows 10 , 64 bit Build 19041 (10.0.19041.5794)
OS uptime: 0 days 1:32 hours

CPU: total 12 (initial active 12) (12 cores per cpu, 2 threads per core) family 23 model 104 stepping 1 microcode 0x0, cx8, cmov, fxsr, ht, mmx, 3dnowpref, sse, sse2, sse3, ssse3, sse4a, sse4.1, sse4.2, popcnt, lzcnt, tsc, tscinvbit, avx, avx2, aes, clmul, bmi1, bmi2, adx, sha, fma, vzeroupper, clflush, clflushopt, rdtscp, rdpid, f16c
Processor Information for all 12 processors :
  Max Mhz: 2100, Current Mhz: 2100, Mhz Limit: 2100

Memory: 4k page, system-wide physical 15720M (3583M free)
TotalPageFile size 19816M (AvailPageFile size 2M)
current process WorkingSet (physical memory assigned to process): 10M, peak: 10M
current process commit charge ("private bytes"): 62M, peak: 63M

vm_info: Java HotSpot(TM) 64-Bit Server VM (21.0.3+7-LTS-152) for windows-amd64 JRE (21.0.3+7-LTS-152), built on 2024-03-11T17:42:26Z by "mach5one" with MS VC++ 17.6 (VS2022)

END.
